<?xml version="1.0" encoding="UTF-8"?>
<!-- Generated by org.testng.reporters.JUnitReportReporter -->
<testsuite skipped="1" hostname="LAPTOP-27OOUF78" name="batch23.BuildTesting" tests="3" failures="0" timestamp="2022-05-24T13:07:10 EDT" time="10.316" errors="0">
  <testcase name="openAutopractice" time="10.315" classname="batch23.BuildTesting"/>
  <system-out/>
  <testcase name="scrchproduct" time="0.001" classname="batch23.BuildTesting"/>
  <system-out/>
  <testcase name="selectItem" classname="batch23.BuildTesting">
    <skipped/>
  </testcase> <!-- selectItem -->
  <system-out/>
</testsuite> <!-- batch23.BuildTesting -->
