<?xml version="1.0" encoding="UTF-8"?>
<!-- Generated by org.testng.reporters.JUnitReportReporter -->
<testsuite hostname="LAPTOP-27OOUF78" failures="0" tests="1" name="batch23.TestNG" time="0.007" errors="0" timestamp="10 May 2022 18:26:26 GMT" skipped="0">
  <testcase classname="batch23.TestNG" name="openBroweger" time="0.007"/>
</testsuite> <!-- batch23.TestNG -->
